<?xml version="1.0" encoding="UTF-8" ?>
<testsuites name="vitest tests" tests="132" failures="0" errors="0" time="0.061104083">
    <testsuite name="src/extension/claude-converter.test.ts" timestamp="2026-03-07T07:33:36.004Z" hostname="dobiui-MacBookAir.local" tests="11" failures="0" errors="0" skipped="0" time="0.031887084">
        <testcase classname="src/extension/claude-converter.test.ts" name="convertClaudeToMoliConfig &gt; should convert basic Claude config" time="0.000720666">
        </testcase>
        <testcase classname="src/extension/claude-converter.test.ts" name="convertClaudeToMoliConfig &gt; should convert config with basic fields only" time="0.000131708">
        </testcase>
        <testcase classname="src/extension/claude-converter.test.ts" name="convertClaudeToMoliConfig &gt; should preserve lspServers configuration" time="0.000320209">
        </testcase>
        <testcase classname="src/extension/claude-converter.test.ts" name="convertClaudeToMoliConfig &gt; should throw error for missing name" time="0.000422042">
        </testcase>
        <testcase classname="src/extension/claude-converter.test.ts" name="mergeClaudeConfigs &gt; should merge marketplace and plugin configs" time="0.000133084">
        </testcase>
        <testcase classname="src/extension/claude-converter.test.ts" name="mergeClaudeConfigs &gt; should work with strict=false and no plugin config" time="0.000061334">
        </testcase>
        <testcase classname="src/extension/claude-converter.test.ts" name="mergeClaudeConfigs &gt; should throw error for strict mode without plugin config" time="0.000072">
        </testcase>
        <testcase classname="src/extension/claude-converter.test.ts" name="isClaudePluginConfig &gt; should identify Claude plugin directory" time="0.000101916">
        </testcase>
        <testcase classname="src/extension/claude-converter.test.ts" name="convertClaudePluginPackage &gt; should only collect specified skills when config provides explicit list" time="0.020568166">
        </testcase>
        <testcase classname="src/extension/claude-converter.test.ts" name="convertClaudePluginPackage &gt; should use all skills from folder when config does not specify skills" time="0.003601083">
        </testcase>
        <testcase classname="src/extension/claude-converter.test.ts" name="convertClaudePluginPackage &gt; should preserve directory structure when collecting skills" time="0.004986167">
        </testcase>
    </testsuite>
    <testsuite name="src/extension/gemini-converter.test.ts" timestamp="2026-03-07T07:33:36.004Z" hostname="dobiui-MacBookAir.local" tests="9" failures="0" errors="0" skipped="0" time="0.004149125">
        <testcase classname="src/extension/gemini-converter.test.ts" name="convertGeminiToMoliConfig &gt; should convert basic Gemini config from directory" time="0.001604542">
        </testcase>
        <testcase classname="src/extension/gemini-converter.test.ts" name="convertGeminiToMoliConfig &gt; should convert config with all optional fields" time="0.0004795">
        </testcase>
        <testcase classname="src/extension/gemini-converter.test.ts" name="convertGeminiToMoliConfig &gt; should throw error for missing name" time="0.0003885">
        </testcase>
        <testcase classname="src/extension/gemini-converter.test.ts" name="convertGeminiToMoliConfig &gt; should throw error for missing version" time="0.000088666">
        </testcase>
        <testcase classname="src/extension/gemini-converter.test.ts" name="isGeminiExtensionConfig &gt; should identify Gemini extension directory with valid config" time="0.00024325">
        </testcase>
        <testcase classname="src/extension/gemini-converter.test.ts" name="isGeminiExtensionConfig &gt; should return false when gemini-extension.json does not exist" time="0.000060459">
        </testcase>
        <testcase classname="src/extension/gemini-converter.test.ts" name="isGeminiExtensionConfig &gt; should return false for invalid config content" time="0.000055167">
        </testcase>
        <testcase classname="src/extension/gemini-converter.test.ts" name="isGeminiExtensionConfig &gt; should return false for config missing required fields" time="0.0000515">
        </testcase>
        <testcase classname="src/extension/gemini-converter.test.ts" name="isGeminiExtensionConfig &gt; should return true for basic config without settings" time="0.000070292">
        </testcase>
    </testsuite>
    <testsuite name="src/utils/schemaConverter.test.ts" timestamp="2026-03-07T07:33:36.005Z" hostname="dobiui-MacBookAir.local" tests="12" failures="0" errors="0" skipped="0" time="0.002759916">
        <testcase classname="src/utils/schemaConverter.test.ts" name="convertSchema &gt; mode: auto (default) &gt; should preserve type arrays" time="0.000949833">
        </testcase>
        <testcase classname="src/utils/schemaConverter.test.ts" name="convertSchema &gt; mode: auto (default) &gt; should preserve items array (tuples)" time="0.0000745">
        </testcase>
        <testcase classname="src/utils/schemaConverter.test.ts" name="convertSchema &gt; mode: auto (default) &gt; should preserve mixed enums" time="0.000047416">
        </testcase>
        <testcase classname="src/utils/schemaConverter.test.ts" name="convertSchema &gt; mode: auto (default) &gt; should preserve unsupported keywords" time="0.000042709">
        </testcase>
        <testcase classname="src/utils/schemaConverter.test.ts" name="convertSchema &gt; mode: openapi_30 (strict) &gt; should convert type arrays to nullable" time="0.000207625">
        </testcase>
        <testcase classname="src/utils/schemaConverter.test.ts" name="convertSchema &gt; mode: openapi_30 (strict) &gt; should fallback to first type for non-nullable arrays" time="0.000050084">
        </testcase>
        <testcase classname="src/utils/schemaConverter.test.ts" name="convertSchema &gt; mode: openapi_30 (strict) &gt; should convert const to enum" time="0.000052834">
        </testcase>
        <testcase classname="src/utils/schemaConverter.test.ts" name="convertSchema &gt; mode: openapi_30 (strict) &gt; should convert exclusiveMinimum number to boolean" time="0.000049125">
        </testcase>
        <testcase classname="src/utils/schemaConverter.test.ts" name="convertSchema &gt; mode: openapi_30 (strict) &gt; should convert nested objects recursively" time="0.000072459">
        </testcase>
        <testcase classname="src/utils/schemaConverter.test.ts" name="convertSchema &gt; mode: openapi_30 (strict) &gt; should stringify enums" time="0.000048625">
        </testcase>
        <testcase classname="src/utils/schemaConverter.test.ts" name="convertSchema &gt; mode: openapi_30 (strict) &gt; should remove tuple items (array of schemas)" time="0.000040334">
        </testcase>
        <testcase classname="src/utils/schemaConverter.test.ts" name="convertSchema &gt; mode: openapi_30 (strict) &gt; should remove unsupported keywords" time="0.0000455">
        </testcase>
    </testsuite>
    <testsuite name="src/utils/toml-to-markdown-converter.test.ts" timestamp="2026-03-07T07:33:36.006Z" hostname="dobiui-MacBookAir.local" tests="10" failures="0" errors="0" skipped="0" time="0.003187583">
        <testcase classname="src/utils/toml-to-markdown-converter.test.ts" name="convertTomlToMarkdown &gt; should convert TOML with description to Markdown" time="0.001192416">
        </testcase>
        <testcase classname="src/utils/toml-to-markdown-converter.test.ts" name="convertTomlToMarkdown &gt; should convert TOML without description to Markdown" time="0.000084708">
        </testcase>
        <testcase classname="src/utils/toml-to-markdown-converter.test.ts" name="convertTomlToMarkdown &gt; should handle multi-line prompts" time="0.000197834">
        </testcase>
        <testcase classname="src/utils/toml-to-markdown-converter.test.ts" name="convertTomlToMarkdown &gt; should throw error for invalid TOML" time="0.00058325">
        </testcase>
        <testcase classname="src/utils/toml-to-markdown-converter.test.ts" name="convertTomlToMarkdown &gt; should throw error if prompt field is missing" time="0.000115208">
        </testcase>
        <testcase classname="src/utils/toml-to-markdown-converter.test.ts" name="convertTomlToMarkdown &gt; should handle special characters in description" time="0.00008">
        </testcase>
        <testcase classname="src/utils/toml-to-markdown-converter.test.ts" name="isTomlFormat &gt; should return true for valid TOML" time="0.000078959">
        </testcase>
        <testcase classname="src/utils/toml-to-markdown-converter.test.ts" name="isTomlFormat &gt; should return false for invalid TOML" time="0.000055917">
        </testcase>
        <testcase classname="src/utils/toml-to-markdown-converter.test.ts" name="isTomlFormat &gt; should return true for empty TOML" time="0.00004375">
        </testcase>
        <testcase classname="src/utils/toml-to-markdown-converter.test.ts" name="isTomlFormat &gt; should return false for Markdown format" time="0.000053">
        </testcase>
    </testsuite>
    <testsuite name="src/core/openaiContentGenerator/converter.test.ts" timestamp="2026-03-07T07:33:36.006Z" hostname="dobiui-MacBookAir.local" tests="63" failures="0" errors="0" skipped="0" time="0.012330917">
        <testcase classname="src/core/openaiContentGenerator/converter.test.ts" name="OpenAIContentConverter &gt; resetStreamingToolCalls &gt; should clear streaming tool calls accumulator" time="0.001570042">
        </testcase>
        <testcase classname="src/core/openaiContentGenerator/converter.test.ts" name="OpenAIContentConverter &gt; resetStreamingToolCalls &gt; should be safe to call multiple times" time="0.000163958">
        </testcase>
        <testcase classname="src/core/openaiContentGenerator/converter.test.ts" name="OpenAIContentConverter &gt; resetStreamingToolCalls &gt; should be safe to call on empty accumulator" time="0.000056792">
        </testcase>
        <testcase classname="src/core/openaiContentGenerator/converter.test.ts" name="OpenAIContentConverter &gt; convertGeminiRequestToOpenAI &gt; should extract raw output from function response objects" time="0.000586625">
        </testcase>
        <testcase classname="src/core/openaiContentGenerator/converter.test.ts" name="OpenAIContentConverter &gt; convertGeminiRequestToOpenAI &gt; should prioritize error field when present" time="0.000104333">
        </testcase>
        <testcase classname="src/core/openaiContentGenerator/converter.test.ts" name="OpenAIContentConverter &gt; convertGeminiRequestToOpenAI &gt; should stringify non-string responses" time="0.000106083">
        </testcase>
        <testcase classname="src/core/openaiContentGenerator/converter.test.ts" name="OpenAIContentConverter &gt; convertGeminiRequestToOpenAI &gt; should convert function responses with inlineData to tool message with embedded image_url" time="0.000600875">
        </testcase>
        <testcase classname="src/core/openaiContentGenerator/converter.test.ts" name="OpenAIContentConverter &gt; convertGeminiRequestToOpenAI &gt; should convert function responses with fileData to tool message with embedded image_url" time="0.000171666">
        </testcase>
        <testcase classname="src/core/openaiContentGenerator/converter.test.ts" name="OpenAIContentConverter &gt; convertGeminiRequestToOpenAI &gt; should convert PDF inlineData to tool message with embedded input_file" time="0.000191375">
        </testcase>
        <testcase classname="src/core/openaiContentGenerator/converter.test.ts" name="OpenAIContentConverter &gt; convertGeminiRequestToOpenAI &gt; should convert audio parts to tool message with embedded input_audio" time="0.000177625">
        </testcase>
        <testcase classname="src/core/openaiContentGenerator/converter.test.ts" name="OpenAIContentConverter &gt; convertGeminiRequestToOpenAI &gt; should convert image fileData URL to tool message with embedded image_url" time="0.000130958">
        </testcase>
        <testcase classname="src/core/openaiContentGenerator/converter.test.ts" name="OpenAIContentConverter &gt; convertGeminiRequestToOpenAI &gt; should convert PDF fileData URL to tool message with embedded file" time="0.000130958">
        </testcase>
        <testcase classname="src/core/openaiContentGenerator/converter.test.ts" name="OpenAIContentConverter &gt; convertGeminiRequestToOpenAI &gt; should convert video inlineData to tool message with embedded video_url" time="0.000129583">
        </testcase>
        <testcase classname="src/core/openaiContentGenerator/converter.test.ts" name="OpenAIContentConverter &gt; convertGeminiRequestToOpenAI &gt; should convert video fileData URL to tool message with embedded video_url" time="0.000117208">
        </testcase>
        <testcase classname="src/core/openaiContentGenerator/converter.test.ts" name="OpenAIContentConverter &gt; convertGeminiRequestToOpenAI &gt; should render unsupported inlineData file types as a text block" time="0.000184292">
        </testcase>
        <testcase classname="src/core/openaiContentGenerator/converter.test.ts" name="OpenAIContentConverter &gt; convertGeminiRequestToOpenAI &gt; should render unsupported fileData types (including audio) as a text block" time="0.000151833">
        </testcase>
        <testcase classname="src/core/openaiContentGenerator/converter.test.ts" name="OpenAIContentConverter &gt; convertGeminiRequestToOpenAI &gt; should create tool message with text-only content when no media parts" time="0.000113708">
        </testcase>
        <testcase classname="src/core/openaiContentGenerator/converter.test.ts" name="OpenAIContentConverter &gt; convertGeminiRequestToOpenAI &gt; should create tool message with empty content for empty function responses" time="0.000619459">
        </testcase>
        <testcase classname="src/core/openaiContentGenerator/converter.test.ts" name="OpenAIContentConverter &gt; MCP multi-part tool results (issue #1520) &gt; should include all text content in tool message when function response has joined text" time="0.000179667">
        </testcase>
        <testcase classname="src/core/openaiContentGenerator/converter.test.ts" name="OpenAIContentConverter &gt; MCP multi-part tool results (issue #1520) &gt; should include text and image in tool message when function response has media parts" time="0.000156">
        </testcase>
        <testcase classname="src/core/openaiContentGenerator/converter.test.ts" name="OpenAIContentConverter &gt; OpenAI -&gt; Gemini reasoning content &gt; should convert reasoning_content to a thought part for non-streaming responses" time="0.000478208">
        </testcase>
        <testcase classname="src/core/openaiContentGenerator/converter.test.ts" name="OpenAIContentConverter &gt; OpenAI -&gt; Gemini reasoning content &gt; should convert reasoning to a thought part for non-streaming responses" time="0.000082875">
        </testcase>
        <testcase classname="src/core/openaiContentGenerator/converter.test.ts" name="OpenAIContentConverter &gt; OpenAI -&gt; Gemini reasoning content &gt; should convert streaming reasoning_content delta to a thought part" time="0.000236667">
        </testcase>
        <testcase classname="src/core/openaiContentGenerator/converter.test.ts" name="OpenAIContentConverter &gt; OpenAI -&gt; Gemini reasoning content &gt; should convert streaming reasoning delta to a thought part" time="0.000066792">
        </testcase>
        <testcase classname="src/core/openaiContentGenerator/converter.test.ts" name="OpenAIContentConverter &gt; OpenAI -&gt; Gemini reasoning content &gt; should not throw when streaming chunk has no delta" time="0.000077416">
        </testcase>
        <testcase classname="src/core/openaiContentGenerator/converter.test.ts" name="OpenAIContentConverter &gt; convertGeminiToolsToOpenAI &gt; should convert Gemini tools with parameters field" time="0.000304542">
        </testcase>
        <testcase classname="src/core/openaiContentGenerator/converter.test.ts" name="OpenAIContentConverter &gt; convertGeminiToolsToOpenAI &gt; should convert MCP tools with parametersJsonSchema field" time="0.000097">
        </testcase>
        <testcase classname="src/core/openaiContentGenerator/converter.test.ts" name="OpenAIContentConverter &gt; convertGeminiToolsToOpenAI &gt; should handle CallableTool by resolving tool function" time="0.000088333">
        </testcase>
        <testcase classname="src/core/openaiContentGenerator/converter.test.ts" name="OpenAIContentConverter &gt; convertGeminiToolsToOpenAI &gt; should skip functions without name or description" time="0.000071584">
        </testcase>
        <testcase classname="src/core/openaiContentGenerator/converter.test.ts" name="OpenAIContentConverter &gt; convertGeminiToolsToOpenAI &gt; should handle tools without functionDeclarations" time="0.000049542">
        </testcase>
        <testcase classname="src/core/openaiContentGenerator/converter.test.ts" name="OpenAIContentConverter &gt; convertGeminiToolsToOpenAI &gt; should handle functions without parameters" time="0.000064584">
        </testcase>
        <testcase classname="src/core/openaiContentGenerator/converter.test.ts" name="OpenAIContentConverter &gt; convertGeminiToolsToOpenAI &gt; should not mutate original parametersJsonSchema" time="0.000136375">
        </testcase>
        <testcase classname="src/core/openaiContentGenerator/converter.test.ts" name="OpenAIContentConverter &gt; convertGeminiToolParametersToOpenAI &gt; should convert type names to lowercase" time="0.000063208">
        </testcase>
        <testcase classname="src/core/openaiContentGenerator/converter.test.ts" name="OpenAIContentConverter &gt; convertGeminiToolParametersToOpenAI &gt; should convert string numeric constraints to numbers" time="0.000053125">
        </testcase>
        <testcase classname="src/core/openaiContentGenerator/converter.test.ts" name="OpenAIContentConverter &gt; convertGeminiToolParametersToOpenAI &gt; should convert string length constraints to integers" time="0.000065833">
        </testcase>
        <testcase classname="src/core/openaiContentGenerator/converter.test.ts" name="OpenAIContentConverter &gt; convertGeminiToolParametersToOpenAI &gt; should handle nested objects" time="0.000056541">
        </testcase>
        <testcase classname="src/core/openaiContentGenerator/converter.test.ts" name="OpenAIContentConverter &gt; convertGeminiToolParametersToOpenAI &gt; should handle arrays" time="0.000038875">
        </testcase>
        <testcase classname="src/core/openaiContentGenerator/converter.test.ts" name="OpenAIContentConverter &gt; convertGeminiToolParametersToOpenAI &gt; should return undefined for null or non-object input" time="0.000049166">
        </testcase>
        <testcase classname="src/core/openaiContentGenerator/converter.test.ts" name="OpenAIContentConverter &gt; convertGeminiToolParametersToOpenAI &gt; should not mutate the original parameters" time="0.000043667">
        </testcase>
        <testcase classname="src/core/openaiContentGenerator/converter.test.ts" name="OpenAIContentConverter &gt; mergeConsecutiveAssistantMessages &gt; should merge two consecutive assistant messages with string content" time="0.000086959">
        </testcase>
        <testcase classname="src/core/openaiContentGenerator/converter.test.ts" name="OpenAIContentConverter &gt; mergeConsecutiveAssistantMessages &gt; should merge multiple consecutive assistant messages" time="0.000077334">
        </testcase>
        <testcase classname="src/core/openaiContentGenerator/converter.test.ts" name="OpenAIContentConverter &gt; mergeConsecutiveAssistantMessages &gt; should merge tool_calls from consecutive assistant messages" time="0.000099125">
        </testcase>
        <testcase classname="src/core/openaiContentGenerator/converter.test.ts" name="OpenAIContentConverter &gt; mergeConsecutiveAssistantMessages &gt; should not merge assistant messages separated by user messages" time="0.000073166">
        </testcase>
        <testcase classname="src/core/openaiContentGenerator/converter.test.ts" name="OpenAIContentConverter &gt; mergeConsecutiveAssistantMessages &gt; should handle merging when one message has array content and another has string" time="0.000055167">
        </testcase>
        <testcase classname="src/core/openaiContentGenerator/converter.test.ts" name="OpenAIContentConverter &gt; mergeConsecutiveAssistantMessages &gt; should merge empty content correctly" time="0.000078917">
        </testcase>
        <testcase classname="src/core/openaiContentGenerator/converter.test.ts" name="MCP tool result end-to-end through OpenAI converter (issue #1520) &gt; should preserve MCP multi-text content in tool message (not leak to user message)" time="0.000696791">
        </testcase>
        <testcase classname="src/core/openaiContentGenerator/converter.test.ts" name="MCP tool result end-to-end through OpenAI converter (issue #1520) &gt; should preserve MCP text+image content in tool message" time="0.000179666">
        </testcase>
        <testcase classname="src/core/openaiContentGenerator/converter.test.ts" name="MCP tool result end-to-end through OpenAI converter (issue #1520) &gt; should work correctly when MCP tool returns a single text part" time="0.000197708">
        </testcase>
        <testcase classname="src/core/openaiContentGenerator/converter.test.ts" name="MCP tool result end-to-end through OpenAI converter (issue #1520) &gt; should preserve MCP multi-text + multi-image content in tool message" time="0.000172208">
        </testcase>
        <testcase classname="src/core/openaiContentGenerator/converter.test.ts" name="Truncated tool call detection in streaming &gt; should override finishReason to MAX_TOKENS when tool call JSON is truncated and provider reports &quot;stop&quot;" time="0.000666917">
        </testcase>
        <testcase classname="src/core/openaiContentGenerator/converter.test.ts" name="Truncated tool call detection in streaming &gt; should override finishReason to MAX_TOKENS when provider reports &quot;tool_calls&quot; but JSON is truncated" time="0.000138584">
        </testcase>
        <testcase classname="src/core/openaiContentGenerator/converter.test.ts" name="Truncated tool call detection in streaming &gt; should preserve finishReason STOP when tool call JSON is complete" time="0.000047125">
        </testcase>
        <testcase classname="src/core/openaiContentGenerator/converter.test.ts" name="Truncated tool call detection in streaming &gt; should preserve finishReason MAX_TOKENS when provider already reports &quot;length&quot;" time="0.000064834">
        </testcase>
        <testcase classname="src/core/openaiContentGenerator/converter.test.ts" name="Truncated tool call detection in streaming &gt; should still emit the (repaired) function call even when truncated" time="0.000107333">
        </testcase>
        <testcase classname="src/core/openaiContentGenerator/converter.test.ts" name="Truncated tool call detection in streaming &gt; should detect truncation with multi-chunk streaming arguments" time="0.000255083">
        </testcase>
        <testcase classname="src/core/openaiContentGenerator/converter.test.ts" name="modality filtering &gt; replaces image with placeholder when image modality is disabled" time="0.000156333">
        </testcase>
        <testcase classname="src/core/openaiContentGenerator/converter.test.ts" name="modality filtering &gt; keeps image when image modality is enabled" time="0.000057125">
        </testcase>
        <testcase classname="src/core/openaiContentGenerator/converter.test.ts" name="modality filtering &gt; replaces PDF with placeholder when pdf modality is disabled" time="0.000070709">
        </testcase>
        <testcase classname="src/core/openaiContentGenerator/converter.test.ts" name="modality filtering &gt; keeps PDF when pdf modality is enabled" time="0.000051959">
        </testcase>
        <testcase classname="src/core/openaiContentGenerator/converter.test.ts" name="modality filtering &gt; replaces video with placeholder when video modality is disabled" time="0.000058166">
        </testcase>
        <testcase classname="src/core/openaiContentGenerator/converter.test.ts" name="modality filtering &gt; replaces audio with placeholder when audio modality is disabled" time="0.000057417">
        </testcase>
        <testcase classname="src/core/openaiContentGenerator/converter.test.ts" name="modality filtering &gt; handles mixed content: keeps text + supported media, replaces unsupported" time="0.000084666">
        </testcase>
        <testcase classname="src/core/openaiContentGenerator/converter.test.ts" name="modality filtering &gt; defaults to text-only when no modalities are specified" time="0.000056208">
        </testcase>
    </testsuite>
    <testsuite name="src/core/anthropicContentGenerator/converter.test.ts" timestamp="2026-03-07T07:33:36.009Z" hostname="dobiui-MacBookAir.local" tests="27" failures="0" errors="0" skipped="0" time="0.006789458">
        <testcase classname="src/core/anthropicContentGenerator/converter.test.ts" name="AnthropicContentConverter &gt; convertGeminiRequestToAnthropic &gt; extracts systemInstruction text from string" time="0.001844375">
        </testcase>
        <testcase classname="src/core/anthropicContentGenerator/converter.test.ts" name="AnthropicContentConverter &gt; convertGeminiRequestToAnthropic &gt; extracts systemInstruction text from parts and joins with newlines" time="0.000124458">
        </testcase>
        <testcase classname="src/core/anthropicContentGenerator/converter.test.ts" name="AnthropicContentConverter &gt; convertGeminiRequestToAnthropic &gt; converts a plain string content into a user message" time="0.000080917">
        </testcase>
        <testcase classname="src/core/anthropicContentGenerator/converter.test.ts" name="AnthropicContentConverter &gt; convertGeminiRequestToAnthropic &gt; converts user content parts into a user message with text blocks" time="0.000152">
        </testcase>
        <testcase classname="src/core/anthropicContentGenerator/converter.test.ts" name="AnthropicContentConverter &gt; convertGeminiRequestToAnthropic &gt; converts assistant thought parts into Anthropic thinking blocks" time="0.000083917">
        </testcase>
        <testcase classname="src/core/anthropicContentGenerator/converter.test.ts" name="AnthropicContentConverter &gt; convertGeminiRequestToAnthropic &gt; converts functionCall parts from model role into tool_use blocks" time="0.00008025">
        </testcase>
        <testcase classname="src/core/anthropicContentGenerator/converter.test.ts" name="AnthropicContentConverter &gt; convertGeminiRequestToAnthropic &gt; converts functionResponse parts into user tool_result messages" time="0.000118583">
        </testcase>
        <testcase classname="src/core/anthropicContentGenerator/converter.test.ts" name="AnthropicContentConverter &gt; convertGeminiRequestToAnthropic &gt; extracts function response error field when present" time="0.000061375">
        </testcase>
        <testcase classname="src/core/anthropicContentGenerator/converter.test.ts" name="AnthropicContentConverter &gt; convertGeminiRequestToAnthropic &gt; creates tool result with empty content for empty function responses" time="0.000065">
        </testcase>
        <testcase classname="src/core/anthropicContentGenerator/converter.test.ts" name="AnthropicContentConverter &gt; convertGeminiRequestToAnthropic &gt; converts function response with inlineData image parts into tool_result with images" time="0.000112834">
        </testcase>
        <testcase classname="src/core/anthropicContentGenerator/converter.test.ts" name="AnthropicContentConverter &gt; convertGeminiRequestToAnthropic &gt; renders non-image inlineData as a text block (avoids invalid image media_type)" time="0.000679458">
        </testcase>
        <testcase classname="src/core/anthropicContentGenerator/converter.test.ts" name="AnthropicContentConverter &gt; convertGeminiRequestToAnthropic &gt; converts inlineData with PDF into document block" time="0.000090667">
        </testcase>
        <testcase classname="src/core/anthropicContentGenerator/converter.test.ts" name="AnthropicContentConverter &gt; convertGeminiRequestToAnthropic &gt; converts fileData with image into image url block" time="0.000082458">
        </testcase>
        <testcase classname="src/core/anthropicContentGenerator/converter.test.ts" name="AnthropicContentConverter &gt; convertGeminiRequestToAnthropic &gt; converts fileData with PDF into document url block" time="0.000083584">
        </testcase>
        <testcase classname="src/core/anthropicContentGenerator/converter.test.ts" name="AnthropicContentConverter &gt; convertGeminiRequestToAnthropic &gt; renders unsupported fileData as a text block" time="0.000129667">
        </testcase>
        <testcase classname="src/core/anthropicContentGenerator/converter.test.ts" name="AnthropicContentConverter &gt; convertGeminiRequestToAnthropic &gt; associates each image with its preceding functionResponse" time="0.000127459">
        </testcase>
        <testcase classname="src/core/anthropicContentGenerator/converter.test.ts" name="AnthropicContentConverter &gt; convertGeminiToolsToAnthropic &gt; converts Tool.functionDeclarations to Anthropic tools and runs schema conversion" time="0.000317542">
        </testcase>
        <testcase classname="src/core/anthropicContentGenerator/converter.test.ts" name="AnthropicContentConverter &gt; convertGeminiToolsToAnthropic &gt; resolves CallableTool.tool() and converts its functionDeclarations" time="0.000109625">
        </testcase>
        <testcase classname="src/core/anthropicContentGenerator/converter.test.ts" name="AnthropicContentConverter &gt; convertGeminiToolsToAnthropic &gt; defaults missing parameters to an empty object schema" time="0.000086958">
        </testcase>
        <testcase classname="src/core/anthropicContentGenerator/converter.test.ts" name="AnthropicContentConverter &gt; convertGeminiToolsToAnthropic &gt; forces input_schema.type to &quot;object&quot; when schema conversion yields no type" time="0.000065333">
        </testcase>
        <testcase classname="src/core/anthropicContentGenerator/converter.test.ts" name="AnthropicContentConverter &gt; convertAnthropicResponseToGemini &gt; converts text, tool_use, thinking, and redacted_thinking blocks" time="0.000317167">
        </testcase>
        <testcase classname="src/core/anthropicContentGenerator/converter.test.ts" name="AnthropicContentConverter &gt; convertAnthropicResponseToGemini &gt; handles tool_use input that is a JSON string" time="0.000092083">
        </testcase>
        <testcase classname="src/core/anthropicContentGenerator/converter.test.ts" name="AnthropicContentConverter &gt; mapAnthropicFinishReasonToGemini &gt; maps known reasons" time="0.000055542">
        </testcase>
        <testcase classname="src/core/anthropicContentGenerator/converter.test.ts" name="AnthropicContentConverter &gt; mapAnthropicFinishReasonToGemini &gt; returns undefined for null/empty" time="0.000051833">
        </testcase>
        <testcase classname="src/core/anthropicContentGenerator/converter.test.ts" name="AnthropicContentConverter &gt; enableCacheControl &gt; does not add cache_control to system when disabled" time="0.00003925">
        </testcase>
        <testcase classname="src/core/anthropicContentGenerator/converter.test.ts" name="AnthropicContentConverter &gt; enableCacheControl &gt; does not add cache_control to messages when disabled" time="0.000045041">
        </testcase>
        <testcase classname="src/core/anthropicContentGenerator/converter.test.ts" name="AnthropicContentConverter &gt; enableCacheControl &gt; does not add cache_control to tools when disabled" time="0.000308167">
        </testcase>
    </testsuite>
</testsuites>
